Start testing: Apr 26 14:49 UTC
----------------------------------------------------------
1/1 Testing: test_hw_5
1/1 Test: test_hw_5
Command: "/home/travis/build/Alkud/OTUS_HOMEWORK_5/otus_hw_5_test"
Directory: /home/travis/build/Alkud/OTUS_HOMEWORK_5
"test_hw_5" start time: Apr 26 14:49 UTC
Output:
----------------------------------------------------------
Running 4 test cases...

*** No errors detected
<end of output>
Test time =   0.00 sec
----------------------------------------------------------
Test Passed.
"test_hw_5" end time: Apr 26 14:49 UTC
"test_hw_5" time elapsed: 00:00:00
----------------------------------------------------------

End testing: Apr 26 14:49 UTC
